<?xml version="1.0" encoding="UTF-8"?>
<!-- Generated by org.testng.reporters.JUnitXMLReporter -->
<testsuite hostname="DESKTOP-F5U5DKU" name="Default test" tests="3" failures="0" timestamp="20 Dec 2020 07:07:19 GMT" time="63.78" errors="0">
  <testcase name="screenShort" time="9.956" classname="com.grootan.stepdefinition.TestCaseClass"/>
  <testcase name="candidateList" time="0.339" classname="com.grootan.stepdefinition.TestCaseClass"/>
  <testcase name="co_CTOAndHrImage" time="29.075" classname="com.grootan.stepdefinition.TestCaseClass"/>
</testsuite> <!-- Default test -->
