<?xml version="1.0" encoding="UTF-8"?>
<testng-results skipped="0" failed="1" total="1" passed="0">
  <reporter-output>
  </reporter-output>
  <suite name="Default suite" duration-ms="53803" started-at="2020-12-17T14:48:14Z" finished-at="2020-12-17T14:49:07Z">
    <groups>
    </groups>
    <test name="Default test" duration-ms="53803" started-at="2020-12-17T14:48:14Z" finished-at="2020-12-17T14:49:07Z">
      <class name="com.grootan.stepdefinition.TestCaseClass">
        <test-method status="PASS" signature="launchBrowser()[pri:0, instance:com.grootan.stepdefinition.TestCaseClass@2df3c564]" name="launchBrowser" is-config="true" duration-ms="46662" started-at="2020-12-17T20:18:14Z" finished-at="2020-12-17T20:19:00Z">
          <reporter-output>
          </reporter-output>
        </test-method> <!-- launchBrowser -->
        <test-method status="FAIL" signature="screenShort()[pri:0, instance:com.grootan.stepdefinition.TestCaseClass@2df3c564]" name="screenShort" duration-ms="1247" started-at="2020-12-17T20:19:00Z" finished-at="2020-12-17T20:19:02Z">
          <exception class="java.lang.NullPointerException">
            <full-stacktrace>
              <![CDATA[java.lang.NullPointerException
	at com.grootan.stepdefinition.TestCaseClass.homepageClick(TestCaseClass.java:60)
	at com.grootan.stepdefinition.TestCaseClass.screenShort(TestCaseClass.java:16)
	at sun.reflect.NativeMethodAccessorImpl.invoke0(Native Method)
	at sun.reflect.NativeMethodAccessorImpl.invoke(Unknown Source)
	at sun.reflect.DelegatingMethodAccessorImpl.invoke(Unknown Source)
	at java.lang.reflect.Method.invoke(Unknown Source)
	at org.testng.internal.MethodInvocationHelper.invokeMethod(MethodInvocationHelper.java:86)
	at org.testng.internal.Invoker.invokeMethod(Invoker.java:645)
	at org.testng.internal.Invoker.invokeTestMethod(Invoker.java:822)
	at org.testng.internal.Invoker.invokeTestMethods(Invoker.java:1130)
	at org.testng.internal.TestMethodWorker.invokeTestMethods(TestMethodWorker.java:129)
	at org.testng.internal.TestMethodWorker.run(TestMethodWorker.java:112)
	at org.testng.TestRunner.privateRun(TestRunner.java:782)
	at org.testng.TestRunner.run(TestRunner.java:632)
	at org.testng.SuiteRunner.runTest(SuiteRunner.java:366)
	at org.testng.SuiteRunner.runSequentially(SuiteRunner.java:361)
	at org.testng.SuiteRunner.privateRun(SuiteRunner.java:319)
	at org.testng.SuiteRunner.run(SuiteRunner.java:268)
	at org.testng.SuiteRunnerWorker.runSuite(SuiteRunnerWorker.java:52)
	at org.testng.SuiteRunnerWorker.run(SuiteRunnerWorker.java:86)
	at org.testng.TestNG.runSuitesSequentially(TestNG.java:1244)
	at org.testng.TestNG.runSuitesLocally(TestNG.java:1169)
	at org.testng.TestNG.run(TestNG.java:1064)
	at org.testng.remote.RemoteTestNG.run(RemoteTestNG.java:113)
	at org.testng.remote.RemoteTestNG.initAndRun(RemoteTestNG.java:206)
	at org.testng.remote.RemoteTestNG.main(RemoteTestNG.java:177)
]]>
            </full-stacktrace>
          </exception> <!-- java.lang.NullPointerException -->
          <reporter-output>
          </reporter-output>
        </test-method> <!-- screenShort -->
        <test-method status="PASS" signature="closeBrowser()[pri:0, instance:com.grootan.stepdefinition.TestCaseClass@2df3c564]" name="closeBrowser" is-config="true" duration-ms="4980" started-at="2020-12-17T20:19:02Z" finished-at="2020-12-17T20:19:07Z">
          <reporter-output>
          </reporter-output>
        </test-method> <!-- closeBrowser -->
      </class> <!-- com.grootan.stepdefinition.TestCaseClass -->
    </test> <!-- Default test -->
  </suite> <!-- Default suite -->
</testng-results>
