<?xml version="1.0" encoding="UTF-8"?>
<testng-results skipped="0" failed="0" total="3" passed="3">
  <reporter-output>
  </reporter-output>
  <suite name="Default suite" duration-ms="63780" started-at="2020-12-20T07:06:15Z" finished-at="2020-12-20T07:07:19Z">
    <groups>
    </groups>
    <test name="Default test" duration-ms="63780" started-at="2020-12-20T07:06:15Z" finished-at="2020-12-20T07:07:19Z">
      <class name="com.grootan.stepdefinition.TestCaseClass">
        <test-method status="PASS" signature="setUp()[pri:0, instance:com.grootan.stepdefinition.TestCaseClass@48ae9b55]" name="setUp" is-config="true" duration-ms="20384" started-at="2020-12-20T12:36:15Z" finished-at="2020-12-20T12:36:35Z">
          <reporter-output>
          </reporter-output>
        </test-method> <!-- setUp -->
        <test-method status="PASS" signature="screenShort()[pri:1, instance:com.grootan.stepdefinition.TestCaseClass@48ae9b55]" name="screenShort" duration-ms="9956" started-at="2020-12-20T12:36:35Z" finished-at="2020-12-20T12:36:45Z">
          <reporter-output>
          </reporter-output>
        </test-method> <!-- screenShort -->
        <test-method status="PASS" signature="candidateList()[pri:2, instance:com.grootan.stepdefinition.TestCaseClass@48ae9b55]" name="candidateList" duration-ms="339" started-at="2020-12-20T12:36:45Z" finished-at="2020-12-20T12:36:45Z">
          <reporter-output>
          </reporter-output>
        </test-method> <!-- candidateList -->
        <test-method status="PASS" signature="co_CTOAndHrImage()[pri:3, instance:com.grootan.stepdefinition.TestCaseClass@48ae9b55]" name="co_CTOAndHrImage" duration-ms="29075" started-at="2020-12-20T12:36:45Z" finished-at="2020-12-20T12:37:15Z">
          <reporter-output>
          </reporter-output>
        </test-method> <!-- co_CTOAndHrImage -->
        <test-method status="PASS" signature="tearDown()[pri:0, instance:com.grootan.stepdefinition.TestCaseClass@48ae9b55]" name="tearDown" is-config="true" duration-ms="3984" started-at="2020-12-20T12:37:15Z" finished-at="2020-12-20T12:37:19Z">
          <reporter-output>
          </reporter-output>
        </test-method> <!-- tearDown -->
      </class> <!-- com.grootan.stepdefinition.TestCaseClass -->
    </test> <!-- Default test -->
  </suite> <!-- Default suite -->
</testng-results>
